# JRE version: OpenJDK Runtime Environment (8.0_222-b10) (build 1.8.0_222-8u222-b10-1ubuntu1~18.04.1-b10)
# Java VM: OpenJDK 64-Bit Server VM (25.222-b10 mixed mode linux-amd64 compressed oops)
Heap:
 PSYoungGen      total 406016K, used 236969K [0x0000000782300000, 0x000000079d180000, 0x00000007c0000000)
  eden space 381440K, 56% used [0x0000000782300000,0x000000078f724930,0x0000000799780000)
  from space 24576K, 80% used [0x000000079b180000,0x000000079c4c5e40,0x000000079c980000)
  to   space 26624K, 0% used [0x0000000799780000,0x0000000799780000,0x000000079b180000)
 ParOldGen       total 197632K, used 39688K [0x0000000706800000, 0x0000000712900000, 0x0000000782300000)
  object space 197632K, 20% used [0x0000000706800000,0x0000000708ec2320,0x0000000712900000)
 Metaspace       used 74585K, capacity 79233K, committed 79576K, reserved 1118208K
  class space    used 10076K, capacity 10912K, committed 11008K, reserved 1048576K
GC Heap History (10 events):
Event: 6,605 GC heap before
{Heap before GC invocations=13 (full 2):
 PSYoungGen      total 278016K, used 277570K [0x0000000782300000, 0x0000000795300000, 0x00000007c0000000)
  eden space 271872K, 100% used [0x0000000782300000,0x0000000792c80000,0x0000000792c80000)
  from space 6144K, 92% used [0x0000000794d00000,0x0000000795290940,0x0000000795300000)
  to   space 16896K, 0% used [0x0000000793200000,0x0000000793200000,0x0000000794280000)
 ParOldGen       total 132608K, used 21426K [0x0000000706800000, 0x000000070e980000, 0x0000000782300000)
  object space 132608K, 16% used [0x0000000706800000,0x0000000707ceca48,0x000000070e980000)
 Metaspace       used 50601K, capacity 52836K, committed 53080K, reserved 1095680K
  class space    used 6755K, capacity 7218K, committed 7296K, reserved 1048576K
Event: 6,624 GC heap after
Heap after GC invocations=13 (full 2):
 PSYoungGen      total 294400K, used 16886K [0x0000000782300000, 0x0000000799300000, 0x00000007c0000000)
  eden space 277504K, 0% used [0x0000000782300000,0x0000000782300000,0x0000000793200000)
  from space 16896K, 99% used [0x0000000793200000,0x000000079427d888,0x0000000794280000)
  to   space 22016K, 0% used [0x0000000797d80000,0x0000000797d80000,0x0000000799300000)
 ParOldGen       total 132608K, used 28825K [0x0000000706800000, 0x000000070e980000, 0x0000000782300000)
  object space 132608K, 21% used [0x0000000706800000,0x0000000708426668,0x000000070e980000)
 Metaspace       used 50601K, capacity 52836K, committed 53080K, reserved 1095680K
  class space    used 6755K, capacity 7218K, committed 7296K, reserved 1048576K
}
Event: 7,661 GC heap before
{Heap before GC invocations=14 (full 2):
 PSYoungGen      total 294400K, used 158011K [0x0000000782300000, 0x0000000799300000, 0x00000007c0000000)
  eden space 277504K, 50% used [0x0000000782300000,0x000000078acd13d8,0x0000000793200000)
  from space 16896K, 99% used [0x0000000793200000,0x000000079427d888,0x0000000794280000)
  to   space 22016K, 0% used [0x0000000797d80000,0x0000000797d80000,0x0000000799300000)
 ParOldGen       total 132608K, used 28825K [0x0000000706800000, 0x000000070e980000, 0x0000000782300000)
  object space 132608K, 21% used [0x0000000706800000,0x0000000708426668,0x000000070e980000)
 Metaspace       used 56197K, capacity 58951K, committed 59028K, reserved 1099776K
  class space    used 7603K, capacity 8115K, committed 8192K, reserved 1048576K
Event: 7,679 GC heap after
Heap after GC invocations=14 (full 2):
 PSYoungGen      total 351744K, used 21540K [0x0000000782300000, 0x000000079a000000, 0x00000007c0000000)
  eden space 329728K, 0% used [0x0000000782300000,0x0000000782300000,0x0000000796500000)
  from space 22016K, 97% used [0x0000000797d80000,0x0000000799289318,0x0000000799300000)
  to   space 25088K, 0% used [0x0000000796500000,0x0000000796500000,0x0000000797d80000)
 ParOldGen       total 132608K, used 28833K [0x0000000706800000, 0x000000070e980000, 0x0000000782300000)
  object space 132608K, 21% used [0x0000000706800000,0x0000000708428668,0x000000070e980000)
 Metaspace       used 56197K, capacity 58951K, committed 59028K, reserved 1099776K
  class space    used 7603K, capacity 8115K, committed 8192K, reserved 1048576K
}
Event: 7,679 GC heap before
{Heap before GC invocations=15 (full 3):
 PSYoungGen      total 351744K, used 21540K [0x0000000782300000, 0x000000079a000000, 0x00000007c0000000)
  eden space 329728K, 0% used [0x0000000782300000,0x0000000782300000,0x0000000796500000)
  from space 22016K, 97% used [0x0000000797d80000,0x0000000799289318,0x0000000799300000)
  to   space 25088K, 0% used [0x0000000796500000,0x0000000796500000,0x0000000797d80000)
 ParOldGen       total 132608K, used 28833K [0x0000000706800000, 0x000000070e980000, 0x0000000782300000)
  object space 132608K, 21% used [0x0000000706800000,0x0000000708428668,0x000000070e980000)
 Metaspace       used 56197K, capacity 58951K, committed 59028K, reserved 1099776K
  class space    used 7603K, capacity 8115K, committed 8192K, reserved 1048576K
Event: 7,909 GC heap after
Heap after GC invocations=15 (full 3):
 PSYoungGen      total 351744K, used 0K [0x0000000782300000, 0x000000079a000000, 0x00000007c0000000)
  eden space 329728K, 0% used [0x0000000782300000,0x0000000782300000,0x0000000796500000)
  from space 22016K, 0% used [0x0000000797d80000,0x0000000797d80000,0x0000000799300000)
  to   space 25088K, 0% used [0x0000000796500000,0x0000000796500000,0x0000000797d80000)
 ParOldGen       total 197632K, used 39672K [0x0000000706800000, 0x0000000712900000, 0x0000000782300000)
  object space 197632K, 20% used [0x0000000706800000,0x0000000708ebe320,0x0000000712900000)
 Metaspace       used 56197K, capacity 58951K, committed 59028K, reserved 1099776K
  class space    used 7603K, capacity 8115K, committed 8192K, reserved 1048576K
}
Event: 9,729 GC heap before
{Heap before GC invocations=16 (full 3):
 PSYoungGen      total 351744K, used 329728K [0x0000000782300000, 0x000000079a000000, 0x00000007c0000000)
  eden space 329728K, 100% used [0x0000000782300000,0x0000000796500000,0x0000000796500000)
  from space 22016K, 0% used [0x0000000797d80000,0x0000000797d80000,0x0000000799300000)
  to   space 25088K, 0% used [0x0000000796500000,0x0000000796500000,0x0000000797d80000)
 ParOldGen       total 197632K, used 39672K [0x0000000706800000, 0x0000000712900000, 0x0000000782300000)
  object space 197632K, 20% used [0x0000000706800000,0x0000000708ebe320,0x0000000712900000)
 Metaspace       used 61640K, capacity 64997K, committed 65112K, reserved 1105920K
  class space    used 8402K, capacity 9052K, committed 9088K, reserved 1048576K
Event: 9,743 GC heap after
Heap after GC invocations=16 (full 3):
 PSYoungGen      total 354816K, used 13201K [0x0000000782300000, 0x000000079c980000, 0x00000007c0000000)
  eden space 329728K, 0% used [0x0000000782300000,0x0000000782300000,0x0000000796500000)
  from space 25088K, 52% used [0x0000000796500000,0x00000007971e4500,0x0000000797d80000)
  to   space 24576K, 0% used [0x000000079b180000,0x000000079b180000,0x000000079c980000)
 ParOldGen       total 197632K, used 39680K [0x0000000706800000, 0x0000000712900000, 0x0000000782300000)
  object space 197632K, 20% used [0x0000000706800000,0x0000000708ec0320,0x0000000712900000)
 Metaspace       used 61640K, capacity 64997K, committed 65112K, reserved 1105920K
  class space    used 8402K, capacity 9052K, committed 9088K, reserved 1048576K
}
Event: 11,230 GC heap before
{Heap before GC invocations=17 (full 3):
 PSYoungGen      total 354816K, used 342929K [0x0000000782300000, 0x000000079c980000, 0x00000007c0000000)
  eden space 329728K, 100% used [0x0000000782300000,0x0000000796500000,0x0000000796500000)
  from space 25088K, 52% used [0x0000000796500000,0x00000007971e4500,0x0000000797d80000)
  to   space 24576K, 0% used [0x000000079b180000,0x000000079b180000,0x000000079c980000)
 ParOldGen       total 197632K, used 39680K [0x0000000706800000, 0x0000000712900000, 0x0000000782300000)
  object space 197632K, 20% used [0x0000000706800000,0x0000000708ec0320,0x0000000712900000)
 Metaspace       used 65479K, capacity 69559K, committed 69848K, reserved 1110016K
  class space    used 8959K, capacity 9693K, committed 9728K, reserved 1048576K
Event: 11,262 GC heap after
Heap after GC invocations=17 (full 3):
 PSYoungGen      total 406016K, used 19735K [0x0000000782300000, 0x000000079d180000, 0x00000007c0000000)
  eden space 381440K, 0% used [0x0000000782300000,0x0000000782300000,0x0000000799780000)
  from space 24576K, 80% used [0x000000079b180000,0x000000079c4c5e40,0x000000079c980000)
  to   space 26624K, 0% used [0x0000000799780000,0x0000000799780000,0x000000079b180000)
 ParOldGen       total 197632K, used 39688K [0x0000000706800000, 0x0000000712900000, 0x0000000782300000)
  object space 197632K, 20% used [0x0000000706800000,0x0000000708ec2320,0x0000000712900000)
 Metaspace       used 65479K, capacity 69559K, committed 69848K, reserved 1110016K
  class space    used 8959K, capacity 9693K, committed 9728K, reserved 1048576K
}

